2023-01-07 23:54:12,118 INFO org.hibernate.validator.internal.util.Version [background-preinit] HV000001: Hibernate Validator 6.2.5.Final
2023-01-07 23:54:12,124 INFO org.springframework.boot.StartupInfoLogger [restartedMain] Starting FoodProjectApplication using Java 11.0.16 on DESKTOP-0QV7FJ7 with PID 12576 (E:\Java\SpringBoot\food_project\target\classes started by Vinh in E:\Java\SpringBoot\food_project)
2023-01-07 23:54:12,128 INFO org.springframework.boot.SpringApplication [restartedMain] No active profile set, falling back to 1 default profile: "default"
2023-01-07 23:54:12,210 INFO org.springframework.boot.logging.DeferredLog [restartedMain] Devtools property defaults active! Set 'spring.devtools.add-properties' to 'false' to disable
2023-01-07 23:54:12,212 INFO org.springframework.boot.logging.DeferredLog [restartedMain] For additional web related logging consider setting the 'logging.level.web' property to 'DEBUG'
2023-01-07 23:54:14,351 INFO org.springframework.data.repository.config.RepositoryConfigurationDelegate [restartedMain] Multiple Spring Data modules found, entering strict repository configuration mode
2023-01-07 23:54:14,352 INFO org.springframework.data.repository.config.RepositoryConfigurationDelegate [restartedMain] Bootstrapping Spring Data JPA repositories in DEFAULT mode.
2023-01-07 23:54:14,540 INFO org.springframework.data.repository.config.RepositoryConfigurationDelegate [restartedMain] Finished Spring Data repository scanning in 176 ms. Found 7 JPA repository interfaces.
2023-01-07 23:54:14,578 INFO org.springframework.data.repository.config.RepositoryConfigurationDelegate [restartedMain] Multiple Spring Data modules found, entering strict repository configuration mode
2023-01-07 23:54:14,582 INFO org.springframework.data.repository.config.RepositoryConfigurationDelegate [restartedMain] Bootstrapping Spring Data Redis repositories in DEFAULT mode.
2023-01-07 23:54:14,628 INFO org.springframework.data.repository.config.RepositoryConfigurationExtensionSupport [restartedMain] Spring Data Redis - Could not safely identify store assignment for repository candidate interface com.cybersoft.food_project.repository.CategoryRepository; If you want this repository to be a Redis repository, consider annotating your entities with one of these annotations: org.springframework.data.redis.core.RedisHash (preferred), or consider extending one of the following types with your repository: org.springframework.data.keyvalue.repository.KeyValueRepository
2023-01-07 23:54:14,629 INFO org.springframework.data.repository.config.RepositoryConfigurationExtensionSupport [restartedMain] Spring Data Redis - Could not safely identify store assignment for repository candidate interface com.cybersoft.food_project.repository.FoodAddonRepository; If you want this repository to be a Redis repository, consider annotating your entities with one of these annotations: org.springframework.data.redis.core.RedisHash (preferred), or consider extending one of the following types with your repository: org.springframework.data.keyvalue.repository.KeyValueRepository
2023-01-07 23:54:14,630 INFO org.springframework.data.repository.config.RepositoryConfigurationExtensionSupport [restartedMain] Spring Data Redis - Could not safely identify store assignment for repository candidate interface com.cybersoft.food_project.repository.FoodRepository; If you want this repository to be a Redis repository, consider annotating your entities with one of these annotations: org.springframework.data.redis.core.RedisHash (preferred), or consider extending one of the following types with your repository: org.springframework.data.keyvalue.repository.KeyValueRepository
2023-01-07 23:54:14,631 INFO org.springframework.data.repository.config.RepositoryConfigurationExtensionSupport [restartedMain] Spring Data Redis - Could not safely identify store assignment for repository candidate interface com.cybersoft.food_project.repository.OrderRepository; If you want this repository to be a Redis repository, consider annotating your entities with one of these annotations: org.springframework.data.redis.core.RedisHash (preferred), or consider extending one of the following types with your repository: org.springframework.data.keyvalue.repository.KeyValueRepository
2023-01-07 23:54:14,632 INFO org.springframework.data.repository.config.RepositoryConfigurationExtensionSupport [restartedMain] Spring Data Redis - Could not safely identify store assignment for repository candidate interface com.cybersoft.food_project.repository.RestaurantRepository; If you want this repository to be a Redis repository, consider annotating your entities with one of these annotations: org.springframework.data.redis.core.RedisHash (preferred), or consider extending one of the following types with your repository: org.springframework.data.keyvalue.repository.KeyValueRepository
2023-01-07 23:54:14,632 INFO org.springframework.data.repository.config.RepositoryConfigurationExtensionSupport [restartedMain] Spring Data Redis - Could not safely identify store assignment for repository candidate interface com.cybersoft.food_project.repository.UserDetailReposiotry; If you want this repository to be a Redis repository, consider annotating your entities with one of these annotations: org.springframework.data.redis.core.RedisHash (preferred), or consider extending one of the following types with your repository: org.springframework.data.keyvalue.repository.KeyValueRepository
2023-01-07 23:54:14,633 INFO org.springframework.data.repository.config.RepositoryConfigurationExtensionSupport [restartedMain] Spring Data Redis - Could not safely identify store assignment for repository candidate interface com.cybersoft.food_project.repository.UserRepository; If you want this repository to be a Redis repository, consider annotating your entities with one of these annotations: org.springframework.data.redis.core.RedisHash (preferred), or consider extending one of the following types with your repository: org.springframework.data.keyvalue.repository.KeyValueRepository
2023-01-07 23:54:14,634 INFO org.springframework.data.repository.config.RepositoryConfigurationDelegate [restartedMain] Finished Spring Data repository scanning in 23 ms. Found 0 Redis repository interfaces.
2023-01-07 23:54:16,029 INFO org.springframework.boot.web.embedded.tomcat.TomcatWebServer [restartedMain] Tomcat initialized with port(s): 8080 (http)
2023-01-07 23:54:16,058 INFO org.apache.juli.logging.DirectJDKLog [restartedMain] Initializing ProtocolHandler ["http-nio-8080"]
2023-01-07 23:54:16,061 INFO org.apache.juli.logging.DirectJDKLog [restartedMain] Starting service [Tomcat]
2023-01-07 23:54:16,062 INFO org.apache.juli.logging.DirectJDKLog [restartedMain] Starting Servlet engine: [Apache Tomcat/9.0.68]
2023-01-07 23:54:16,753 INFO org.apache.juli.logging.DirectJDKLog [restartedMain] Initializing Spring embedded WebApplicationContext
2023-01-07 23:54:16,754 INFO org.springframework.boot.web.servlet.context.ServletWebServerApplicationContext [restartedMain] Root WebApplicationContext: initialization completed in 4541 ms
2023-01-07 23:54:18,322 INFO org.hibernate.jpa.internal.util.LogHelper [restartedMain] HHH000204: Processing PersistenceUnitInfo [name: default]
2023-01-07 23:54:18,531 INFO org.hibernate.Version [restartedMain] HHH000412: Hibernate ORM core version 5.6.12.Final
2023-01-07 23:54:18,988 INFO org.hibernate.annotations.common.reflection.java.JavaReflectionManager [restartedMain] HCANN000001: Hibernate Commons Annotations {5.1.2.Final}
2023-01-07 23:54:19,617 INFO com.zaxxer.hikari.HikariDataSource [restartedMain] HikariPool-1 - Starting...
2023-01-07 23:54:20,594 INFO com.zaxxer.hikari.HikariDataSource [restartedMain] HikariPool-1 - Start completed.
2023-01-07 23:54:20,664 INFO org.hibernate.dialect.Dialect [restartedMain] HHH000400: Using dialect: org.hibernate.dialect.MySQL8Dialect
2023-01-07 23:54:22,418 WARN org.hibernate.mapping.RootClass [restartedMain] HHH000038: Composite-id class does not override equals(): com.cybersoft.food_project.entity.id.FoodMaterialId
2023-01-07 23:54:22,419 WARN org.hibernate.mapping.RootClass [restartedMain] HHH000039: Composite-id class does not override hashCode(): com.cybersoft.food_project.entity.id.FoodMaterialId
2023-01-07 23:54:22,423 WARN org.hibernate.mapping.RootClass [restartedMain] HHH000038: Composite-id class does not override equals(): com.cybersoft.food_project.entity.id.FoodOrderId
2023-01-07 23:54:22,425 WARN org.hibernate.mapping.RootClass [restartedMain] HHH000039: Composite-id class does not override hashCode(): com.cybersoft.food_project.entity.id.FoodOrderId
2023-01-07 23:54:22,427 WARN org.hibernate.mapping.RootClass [restartedMain] HHH000038: Composite-id class does not override equals(): com.cybersoft.food_project.entity.id.OrderStatusId
2023-01-07 23:54:22,428 WARN org.hibernate.mapping.RootClass [restartedMain] HHH000039: Composite-id class does not override hashCode(): com.cybersoft.food_project.entity.id.OrderStatusId
2023-01-07 23:54:22,430 WARN org.hibernate.mapping.RootClass [restartedMain] HHH000038: Composite-id class does not override equals(): com.cybersoft.food_project.entity.id.BookmarkRestaurantId
2023-01-07 23:54:22,431 WARN org.hibernate.mapping.RootClass [restartedMain] HHH000039: Composite-id class does not override hashCode(): com.cybersoft.food_project.entity.id.BookmarkRestaurantId
2023-01-07 23:54:22,433 WARN org.hibernate.mapping.RootClass [restartedMain] HHH000038: Composite-id class does not override equals(): com.cybersoft.food_project.entity.id.BookmarkFoodId
2023-01-07 23:54:22,434 WARN org.hibernate.mapping.RootClass [restartedMain] HHH000039: Composite-id class does not override hashCode(): com.cybersoft.food_project.entity.id.BookmarkFoodId
2023-01-07 23:54:24,617 INFO org.hibernate.engine.transaction.jta.platform.internal.JtaPlatformInitiator [restartedMain] HHH000490: Using JtaPlatform implementation: [org.hibernate.engine.transaction.jta.platform.internal.NoJtaPlatform]
2023-01-07 23:54:24,627 INFO org.springframework.orm.jpa.AbstractEntityManagerFactoryBean [restartedMain] Initialized JPA EntityManagerFactory for persistence unit 'default'
2023-01-07 23:54:26,332 INFO org.springframework.security.web.DefaultSecurityFilterChain [restartedMain] Will secure any request with [org.springframework.security.web.session.DisableEncodeUrlFilter@b6dee74, org.springframework.security.web.context.request.async.WebAsyncManagerIntegrationFilter@b340529, org.springframework.security.web.context.SecurityContextPersistenceFilter@40d6d92f, org.springframework.security.web.header.HeaderWriterFilter@73f773fe, org.springframework.security.web.authentication.logout.LogoutFilter@3f4768d4, com.cybersoft.food_project.jwt.JwtTokenFilter@6fa83be6, org.springframework.security.web.savedrequest.RequestCacheAwareFilter@5df6e549, org.springframework.security.web.servletapi.SecurityContextHolderAwareRequestFilter@58c7da7e, org.springframework.security.web.authentication.AnonymousAuthenticationFilter@440a6fd2, org.springframework.security.web.session.SessionManagementFilter@2e0efb6a, org.springframework.security.web.access.ExceptionTranslationFilter@22158862, org.springframework.security.web.access.intercept.FilterSecurityInterceptor@4d861655]
2023-01-07 23:54:26,415 WARN org.springframework.boot.autoconfigure.orm.jpa.JpaBaseConfiguration$JpaWebConfiguration [restartedMain] spring.jpa.open-in-view is enabled by default. Therefore, database queries may be performed during view rendering. Explicitly configure spring.jpa.open-in-view to disable this warning
2023-01-07 23:54:27,089 INFO org.springframework.boot.devtools.autoconfigure.OptionalLiveReloadServer [restartedMain] LiveReload server is running on port 35729
2023-01-07 23:54:27,145 INFO org.apache.juli.logging.DirectJDKLog [restartedMain] Starting ProtocolHandler ["http-nio-8080"]
2023-01-07 23:54:27,222 INFO org.springframework.boot.web.embedded.tomcat.TomcatWebServer [restartedMain] Tomcat started on port(s): 8080 (http) with context path '/api'
2023-01-07 23:54:27,250 INFO org.springframework.boot.StartupInfoLogger [restartedMain] Started FoodProjectApplication in 16.183 seconds (JVM running for 19.481)
2023-01-07 23:54:29,558 INFO org.apache.juli.logging.DirectJDKLog [http-nio-8080-exec-1] Initializing Spring DispatcherServlet 'dispatcherServlet'
2023-01-07 23:54:29,558 INFO org.springframework.web.servlet.FrameworkServlet [http-nio-8080-exec-1] Initializing Servlet 'dispatcherServlet'
2023-01-07 23:54:29,561 INFO org.springframework.web.servlet.FrameworkServlet [http-nio-8080-exec-1] Completed initialization in 2 ms
2023-01-07 23:54:29,841 INFO com.cybersoft.food_project.controller.AuthController [http-nio-8080-exec-1] {"username":"goodbyevinh@gmail.com","password":"123456"}
2023-01-07 23:54:35,307 INFO com.cybersoft.food_project.controller.AuthController [http-nio-8080-exec-5] {"username":"goodbyevinh@gmail.com","password":"1234561"}
2023-01-07 23:54:37,577 INFO com.cybersoft.food_project.controller.AuthController [http-nio-8080-exec-2] {"username":"goodbyevinh@gmail.com","password":"1234561"}
2023-01-07 23:54:47,937 INFO com.cybersoft.food_project.controller.AuthController [http-nio-8080-exec-8] {"username":"goodbyevinh@gmail.com","password":"1234561"}
2023-01-07 23:54:59,536 INFO com.cybersoft.food_project.controller.AuthController [http-nio-8080-exec-9] {"username":"goodbyevinh@gmail.com","password":"1234561"}
