2023-01-10 18:41:54,714 INFO org.hibernate.validator.internal.util.Version [background-preinit] HV000001: Hibernate Validator 6.2.5.Final
2023-01-10 18:41:54,721 INFO org.springframework.boot.StartupInfoLogger [restartedMain] Starting FoodProjectApplication using Java 11.0.16 on DESKTOP-0QV7FJ7 with PID 13720 (E:\Java\SpringBoot\food_project\target\classes started by Vinh in E:\Java\SpringBoot\food_project)
2023-01-10 18:41:54,724 INFO org.springframework.boot.SpringApplication [restartedMain] No active profile set, falling back to 1 default profile: "default"
2023-01-10 18:41:54,785 INFO org.springframework.boot.logging.DeferredLog [restartedMain] Devtools property defaults active! Set 'spring.devtools.add-properties' to 'false' to disable
2023-01-10 18:41:54,786 INFO org.springframework.boot.logging.DeferredLog [restartedMain] For additional web related logging consider setting the 'logging.level.web' property to 'DEBUG'
2023-01-10 18:41:57,028 INFO org.springframework.data.repository.config.RepositoryConfigurationDelegate [restartedMain] Multiple Spring Data modules found, entering strict repository configuration mode
2023-01-10 18:41:57,029 INFO org.springframework.data.repository.config.RepositoryConfigurationDelegate [restartedMain] Bootstrapping Spring Data JPA repositories in DEFAULT mode.
2023-01-10 18:41:57,169 INFO org.springframework.data.repository.config.RepositoryConfigurationDelegate [restartedMain] Finished Spring Data repository scanning in 131 ms. Found 7 JPA repository interfaces.
2023-01-10 18:41:57,192 INFO org.springframework.data.repository.config.RepositoryConfigurationDelegate [restartedMain] Multiple Spring Data modules found, entering strict repository configuration mode
2023-01-10 18:41:57,193 INFO org.springframework.data.repository.config.RepositoryConfigurationDelegate [restartedMain] Bootstrapping Spring Data Redis repositories in DEFAULT mode.
2023-01-10 18:41:57,217 INFO org.springframework.data.repository.config.RepositoryConfigurationExtensionSupport [restartedMain] Spring Data Redis - Could not safely identify store assignment for repository candidate interface com.cybersoft.food_project.repository.CategoryRepository; If you want this repository to be a Redis repository, consider annotating your entities with one of these annotations: org.springframework.data.redis.core.RedisHash (preferred), or consider extending one of the following types with your repository: org.springframework.data.keyvalue.repository.KeyValueRepository
2023-01-10 18:41:57,218 INFO org.springframework.data.repository.config.RepositoryConfigurationExtensionSupport [restartedMain] Spring Data Redis - Could not safely identify store assignment for repository candidate interface com.cybersoft.food_project.repository.FoodAddonRepository; If you want this repository to be a Redis repository, consider annotating your entities with one of these annotations: org.springframework.data.redis.core.RedisHash (preferred), or consider extending one of the following types with your repository: org.springframework.data.keyvalue.repository.KeyValueRepository
2023-01-10 18:41:57,219 INFO org.springframework.data.repository.config.RepositoryConfigurationExtensionSupport [restartedMain] Spring Data Redis - Could not safely identify store assignment for repository candidate interface com.cybersoft.food_project.repository.FoodRepository; If you want this repository to be a Redis repository, consider annotating your entities with one of these annotations: org.springframework.data.redis.core.RedisHash (preferred), or consider extending one of the following types with your repository: org.springframework.data.keyvalue.repository.KeyValueRepository
2023-01-10 18:41:57,220 INFO org.springframework.data.repository.config.RepositoryConfigurationExtensionSupport [restartedMain] Spring Data Redis - Could not safely identify store assignment for repository candidate interface com.cybersoft.food_project.repository.OrderRepository; If you want this repository to be a Redis repository, consider annotating your entities with one of these annotations: org.springframework.data.redis.core.RedisHash (preferred), or consider extending one of the following types with your repository: org.springframework.data.keyvalue.repository.KeyValueRepository
2023-01-10 18:41:57,222 INFO org.springframework.data.repository.config.RepositoryConfigurationExtensionSupport [restartedMain] Spring Data Redis - Could not safely identify store assignment for repository candidate interface com.cybersoft.food_project.repository.RestaurantRepository; If you want this repository to be a Redis repository, consider annotating your entities with one of these annotations: org.springframework.data.redis.core.RedisHash (preferred), or consider extending one of the following types with your repository: org.springframework.data.keyvalue.repository.KeyValueRepository
2023-01-10 18:41:57,222 INFO org.springframework.data.repository.config.RepositoryConfigurationExtensionSupport [restartedMain] Spring Data Redis - Could not safely identify store assignment for repository candidate interface com.cybersoft.food_project.repository.UserDetailReposiotry; If you want this repository to be a Redis repository, consider annotating your entities with one of these annotations: org.springframework.data.redis.core.RedisHash (preferred), or consider extending one of the following types with your repository: org.springframework.data.keyvalue.repository.KeyValueRepository
2023-01-10 18:41:57,223 INFO org.springframework.data.repository.config.RepositoryConfigurationExtensionSupport [restartedMain] Spring Data Redis - Could not safely identify store assignment for repository candidate interface com.cybersoft.food_project.repository.UserRepository; If you want this repository to be a Redis repository, consider annotating your entities with one of these annotations: org.springframework.data.redis.core.RedisHash (preferred), or consider extending one of the following types with your repository: org.springframework.data.keyvalue.repository.KeyValueRepository
2023-01-10 18:41:57,223 INFO org.springframework.data.repository.config.RepositoryConfigurationDelegate [restartedMain] Finished Spring Data repository scanning in 15 ms. Found 0 Redis repository interfaces.
2023-01-10 18:41:58,426 INFO org.springframework.boot.web.embedded.tomcat.TomcatWebServer [restartedMain] Tomcat initialized with port(s): 8080 (http)
2023-01-10 18:41:58,974 INFO org.springframework.boot.web.servlet.context.ServletWebServerApplicationContext [restartedMain] Root WebApplicationContext: initialization completed in 4187 ms
2023-01-10 18:42:00,443 INFO org.hibernate.jpa.internal.util.LogHelper [restartedMain] HHH000204: Processing PersistenceUnitInfo [name: default]
2023-01-10 18:42:00,647 INFO org.hibernate.Version [restartedMain] HHH000412: Hibernate ORM core version 5.6.12.Final
2023-01-10 18:42:00,934 INFO org.hibernate.annotations.common.reflection.java.JavaReflectionManager [restartedMain] HCANN000001: Hibernate Commons Annotations {5.1.2.Final}
2023-01-10 18:42:01,497 INFO com.zaxxer.hikari.HikariDataSource [restartedMain] HikariPool-1 - Starting...
2023-01-10 18:42:02,873 INFO com.zaxxer.hikari.HikariDataSource [restartedMain] HikariPool-1 - Start completed.
2023-01-10 18:42:02,923 INFO org.hibernate.dialect.Dialect [restartedMain] HHH000400: Using dialect: org.hibernate.dialect.MySQL8Dialect
2023-01-10 18:42:03,997 WARN org.hibernate.mapping.RootClass [restartedMain] HHH000038: Composite-id class does not override equals(): com.cybersoft.food_project.entity.id.FoodMaterialId
2023-01-10 18:42:03,997 WARN org.hibernate.mapping.RootClass [restartedMain] HHH000039: Composite-id class does not override hashCode(): com.cybersoft.food_project.entity.id.FoodMaterialId
2023-01-10 18:42:03,999 WARN org.hibernate.mapping.RootClass [restartedMain] HHH000038: Composite-id class does not override equals(): com.cybersoft.food_project.entity.id.FoodOrderId
2023-01-10 18:42:04,000 WARN org.hibernate.mapping.RootClass [restartedMain] HHH000039: Composite-id class does not override hashCode(): com.cybersoft.food_project.entity.id.FoodOrderId
2023-01-10 18:42:04,001 WARN org.hibernate.mapping.RootClass [restartedMain] HHH000038: Composite-id class does not override equals(): com.cybersoft.food_project.entity.id.OrderStatusId
2023-01-10 18:42:04,001 WARN org.hibernate.mapping.RootClass [restartedMain] HHH000039: Composite-id class does not override hashCode(): com.cybersoft.food_project.entity.id.OrderStatusId
2023-01-10 18:42:04,002 WARN org.hibernate.mapping.RootClass [restartedMain] HHH000038: Composite-id class does not override equals(): com.cybersoft.food_project.entity.id.BookmarkRestaurantId
2023-01-10 18:42:04,003 WARN org.hibernate.mapping.RootClass [restartedMain] HHH000039: Composite-id class does not override hashCode(): com.cybersoft.food_project.entity.id.BookmarkRestaurantId
2023-01-10 18:42:04,003 WARN org.hibernate.mapping.RootClass [restartedMain] HHH000038: Composite-id class does not override equals(): com.cybersoft.food_project.entity.id.BookmarkFoodId
2023-01-10 18:42:04,004 WARN org.hibernate.mapping.RootClass [restartedMain] HHH000039: Composite-id class does not override hashCode(): com.cybersoft.food_project.entity.id.BookmarkFoodId
2023-01-10 18:42:05,323 INFO org.hibernate.engine.transaction.jta.platform.internal.JtaPlatformInitiator [restartedMain] HHH000490: Using JtaPlatform implementation: [org.hibernate.engine.transaction.jta.platform.internal.NoJtaPlatform]
2023-01-10 18:42:05,336 INFO org.springframework.orm.jpa.AbstractEntityManagerFactoryBean [restartedMain] Initialized JPA EntityManagerFactory for persistence unit 'default'
2023-01-10 18:42:07,313 INFO org.springframework.security.web.DefaultSecurityFilterChain [restartedMain] Will secure any request with [org.springframework.security.web.session.DisableEncodeUrlFilter@1ff64fd9, org.springframework.security.web.context.request.async.WebAsyncManagerIntegrationFilter@1752fe25, org.springframework.security.web.context.SecurityContextPersistenceFilter@161b96da, org.springframework.security.web.header.HeaderWriterFilter@5c8ba9b2, org.springframework.security.web.authentication.logout.LogoutFilter@35eb7ad9, com.cybersoft.food_project.jwt.JwtTokenFilter@d004d7a, org.springframework.security.web.savedrequest.RequestCacheAwareFilter@79ddc199, org.springframework.security.web.servletapi.SecurityContextHolderAwareRequestFilter@1b97ea84, org.springframework.security.web.authentication.AnonymousAuthenticationFilter@7dab633b, org.springframework.security.web.session.SessionManagementFilter@44266ef2, org.springframework.security.web.access.ExceptionTranslationFilter@2235d560, org.springframework.security.web.access.intercept.FilterSecurityInterceptor@4fd1dd71]
2023-01-10 18:42:07,479 WARN org.springframework.boot.autoconfigure.orm.jpa.JpaBaseConfiguration$JpaWebConfiguration [restartedMain] spring.jpa.open-in-view is enabled by default. Therefore, database queries may be performed during view rendering. Explicitly configure spring.jpa.open-in-view to disable this warning
2023-01-10 18:42:08,759 INFO org.springframework.boot.devtools.autoconfigure.OptionalLiveReloadServer [restartedMain] LiveReload server is running on port 35729
2023-01-10 18:42:08,847 INFO org.springframework.boot.web.embedded.tomcat.TomcatWebServer [restartedMain] Tomcat started on port(s): 8080 (http) with context path '/api'
2023-01-10 18:42:08,870 INFO org.springframework.boot.StartupInfoLogger [restartedMain] Started FoodProjectApplication in 14.686 seconds (JVM running for 16.25)
2023-01-10 18:42:09,358 INFO org.springframework.orm.jpa.AbstractEntityManagerFactoryBean [SpringApplicationShutdownHook] Closing JPA EntityManagerFactory for persistence unit 'default'
2023-01-10 18:42:09,364 INFO com.zaxxer.hikari.HikariDataSource [SpringApplicationShutdownHook] HikariPool-1 - Shutdown initiated...
2023-01-10 18:42:09,404 INFO com.zaxxer.hikari.HikariDataSource [SpringApplicationShutdownHook] HikariPool-1 - Shutdown completed.
